[debug] [2023-10-25T04:05:10.578Z] ----------------------------------------------------------------------
[debug] [2023-10-25T04:05:10.582Z] Command:       C:\Program Files\nodejs\node.exe C:\Users\Fransua\AppData\Roaming\npm\node_modules\firebase-tools\lib\bin\firebase.js init
[debug] [2023-10-25T04:05:10.582Z] CLI Version:   12.7.0
[debug] [2023-10-25T04:05:10.582Z] Platform:      win32
[debug] [2023-10-25T04:05:10.583Z] Node Version:  v16.17.0
[debug] [2023-10-25T04:05:10.584Z] Time:          Tue Oct 24 2023 22:05:10 GMT-0600 (hora estándar central)
[debug] [2023-10-25T04:05:10.585Z] ----------------------------------------------------------------------
[debug] 
[debug] [2023-10-25T04:05:10.589Z] >>> [apiv2][query] GET https://firebase-public.firebaseio.com/cli.json [none]
[debug] [2023-10-25T04:05:10.620Z] > command requires scopes: ["email","openid","https://www.googleapis.com/auth/cloudplatformprojects.readonly","https://www.googleapis.com/auth/firebase","https://www.googleapis.com/auth/cloud-platform"]
[debug] [2023-10-25T04:05:10.620Z] > authorizing via signed-in user (hpenap1@miumg.edu.gt)
[info] 
     ######## #### ########  ######## ########     ###     ######  ########
     ##        ##  ##     ## ##       ##     ##  ##   ##  ##       ##
     ######    ##  ########  ######   ########  #########  ######  ######
     ##        ##  ##    ##  ##       ##     ## ##     ##       ## ##
     ##       #### ##     ## ######## ########  ##     ##  ######  ########

You're about to initialize a Firebase project in this directory:

  C:\Users\Fransua\OneDrive\Escritorio\Proyecto de Graduación\AppMovil\Login

[debug] [2023-10-25T04:05:11.070Z] <<< [apiv2][status] GET https://firebase-public.firebaseio.com/cli.json 200
[debug] [2023-10-25T04:05:11.071Z] <<< [apiv2][body] GET https://firebase-public.firebaseio.com/cli.json {"cloudBuildErrorAfter":1594252800000,"cloudBuildWarnAfter":1590019200000,"defaultNode10After":1594252800000,"minVersion":"3.0.5","node8DeploysDisabledAfter":1613390400000,"node8RuntimeDisabledAfter":1615809600000,"node8WarnAfter":1600128000000}
[info] 
=== Project Setup
[info] 
[info] First, let's associate this project directory with a Firebase project.
[info] You can create multiple project aliases by running firebase use --add, 
[info] but for now we'll just set up a default project.
[info] 
[debug] [2023-10-25T04:08:12.062Z] > refreshing access token with scopes: []
[debug] [2023-10-25T04:08:12.064Z] >>> [apiv2][query] POST https://www.googleapis.com/oauth2/v3/token [none]
[debug] [2023-10-25T04:08:12.064Z] >>> [apiv2][body] POST https://www.googleapis.com/oauth2/v3/token [omitted]
[debug] [2023-10-25T04:08:12.358Z] <<< [apiv2][status] POST https://www.googleapis.com/oauth2/v3/token 200
[debug] [2023-10-25T04:08:12.359Z] <<< [apiv2][body] POST https://www.googleapis.com/oauth2/v3/token [omitted]
[debug] [2023-10-25T04:08:12.370Z] >>> [apiv2][query] GET https://firebase.googleapis.com/v1beta1/projects pageSize=100
[debug] [2023-10-25T04:08:13.038Z] <<< [apiv2][status] GET https://firebase.googleapis.com/v1beta1/projects 200
[debug] [2023-10-25T04:08:13.038Z] <<< [apiv2][body] GET https://firebase.googleapis.com/v1beta1/projects [omitted]
[info] i  Using project appmoviltickets (AppMovilTickets) 
[info] 
=== Database Setup
[info] i  database: ensuring required API firebasedatabase.googleapis.com is enabled... 
[debug] [2023-10-25T04:08:25.829Z] >>> [apiv2][query] GET https://serviceusage.googleapis.com/v1/projects/appmoviltickets/services/firebasedatabase.googleapis.com [none]
[debug] [2023-10-25T04:08:25.830Z] >>> [apiv2][(partial)header] GET https://serviceusage.googleapis.com/v1/projects/appmoviltickets/services/firebasedatabase.googleapis.com x-goog-quota-user=projects/appmoviltickets
[debug] [2023-10-25T04:08:26.439Z] <<< [apiv2][status] GET https://serviceusage.googleapis.com/v1/projects/appmoviltickets/services/firebasedatabase.googleapis.com 200
[debug] [2023-10-25T04:08:26.439Z] <<< [apiv2][body] GET https://serviceusage.googleapis.com/v1/projects/appmoviltickets/services/firebasedatabase.googleapis.com [omitted]
[info] +  database: required API firebasedatabase.googleapis.com is enabled 
[info] 
[debug] [2023-10-25T04:08:26.443Z] >>> [apiv2][query] GET https://firebasedatabase.googleapis.com/v1beta/projects/appmoviltickets/locations/-/instances/appmoviltickets-default-rtdb [none]
[debug] [2023-10-25T04:08:27.154Z] <<< [apiv2][status] GET https://firebasedatabase.googleapis.com/v1beta/projects/appmoviltickets/locations/-/instances/appmoviltickets-default-rtdb 200
[debug] [2023-10-25T04:08:27.154Z] <<< [apiv2][body] GET https://firebasedatabase.googleapis.com/v1beta/projects/appmoviltickets/locations/-/instances/appmoviltickets-default-rtdb {"name":"projects/549655236347/locations/us-central1/instances/appmoviltickets-default-rtdb","project":"projects/549655236347","databaseUrl":"https://appmoviltickets-default-rtdb.firebaseio.com","type":"DEFAULT_DATABASE","state":"ACTIVE"}
[info] 
[info] Firebase Realtime Database Security Rules allow you to define how your data should be
[info] structured and when your data can be read from and written to.
[info] 
[debug] [2023-10-25T04:10:29.041Z] >>> [apiv2][query] GET https://appmoviltickets-default-rtdb.firebaseio.com/.settings/rules.json [none]
[debug] [2023-10-25T04:10:29.478Z] <<< [apiv2][status] GET https://appmoviltickets-default-rtdb.firebaseio.com/.settings/rules.json 200
[debug] [2023-10-25T04:10:29.478Z] <<< [apiv2][body] GET https://appmoviltickets-default-rtdb.firebaseio.com/.settings/rules.json [stream]
[info] +  Database Rules for appmoviltickets-default-rtdb have been written to database.rules.json. 
[info] Future modifications to database.rules.json will update Realtime Database Security Rules when you run
[info] firebase deploy.
[info] 
=== Hosting Setup
[info] 
[info] Your public directory is the folder (relative to your project directory) that
[info] will contain Hosting assets to be uploaded with firebase deploy. If you
[info] have a build process for your assets, use your build's output directory.
[info] 
[info] +  Wrote Y/404.html 
[debug] [2023-10-25T04:12:18.370Z] >>> [apiv2][query] GET https://www.gstatic.com/firebasejs/releases.json [none]
[debug] [2023-10-25T04:12:18.852Z] <<< [apiv2][status] GET https://www.gstatic.com/firebasejs/releases.json 200
[debug] [2023-10-25T04:12:18.852Z] <<< [apiv2][body] GET https://www.gstatic.com/firebasejs/releases.json {"current":{"version":"10.5.0","browserURL":"https://www.gstatic.com/firebasejs/10.5.0/firebase.js","packageURL":"https://www.gstatic.com/firebasejs/10.5.0/firebase.tgz"},"live":{"version":"10.5","browserURL":"https://www.gstatic.com/firebasejs/live/10.5/firebase.js","packageURL":"https://www.gstatic.com/firebasejs/live/10.5/firebase.tgz"},"components":{"analytics":"https://www.gstatic.com/firebasejs/10.5.0/firebase-analytics.js","app":"https://www.gstatic.com/firebasejs/10.5.0/firebase-app.js","app-check":"https://www.gstatic.com/firebasejs/10.5.0/firebase-app-check.js","auth":"https://www.gstatic.com/firebasejs/10.5.0/firebase-auth.js","auth/cordova":"https://www.gstatic.com/firebasejs/10.5.0/firebase-auth/cordova.js","functions":"https://www.gstatic.com/firebasejs/10.5.0/firebase-functions.js","firestore":"https://www.gstatic.com/firebasejs/10.5.0/firebase-firestore.js","firestore/lite":"https://www.gstatic.com/firebasejs/10.5.0/firebase-firestore/lite.js","installations":"https://www.gstatic.com/firebasejs/10.5.0/firebase-installations.js","storage":"https://www.gstatic.com/firebasejs/10.5.0/firebase-storage.js","performance":"https://www.gstatic.com/firebasejs/10.5.0/firebase-performance.js","remote-config":"https://www.gstatic.com/firebasejs/10.5.0/firebase-remote-config.js","messaging":"https://www.gstatic.com/firebasejs/10.5.0/firebase-messaging.js","messaging/sw":"https://www.gstatic.com/firebasejs/10.5.0/firebase-messaging/sw.js","database":"https://www.gstatic.com/firebasejs/10.5.0/firebase-database.js","firestore.memory":"https://www.gstatic.com/firebasejs/10.5.0/firebase-firestore.memory.js"}}
[info] +  Wrote Y/index.html 
[info] 
[info] i  Detected a .git folder at C:\Users\Fransua 
[info] i  Authorizing with GitHub to upload your service account to a GitHub repository's secrets store. 
[info] 
[info] Visit this URL on this device to log in:
[info] https://github.com/login/oauth/authorize?client_id=89cf50f02ac6aaed3484&state=80872537&redirect_uri=http%3A%2F%2Flocalhost%3A9005&scope=read%3Auser%20repo%20public_repo
[info] 
[info] Waiting for authentication...
[debug] [2023-10-25T04:12:19.983Z] >>> [apiv2][query] POST https://github.com/login/oauth/access_token [none]
[debug] [2023-10-25T04:12:19.983Z] >>> [apiv2][body] POST https://github.com/login/oauth/access_token [stream]
[debug] [2023-10-25T04:12:20.521Z] <<< [apiv2][status] POST https://github.com/login/oauth/access_token 200
[debug] [2023-10-25T04:12:20.521Z] <<< [apiv2][body] POST https://github.com/login/oauth/access_token {"access_token":"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","token_type":"bearer","scope":"read:user,repo"}
[debug] [2023-10-25T04:12:20.549Z] >>> [apiv2][query] GET https://api.github.com/user [none]
[debug] [2023-10-25T04:12:21.136Z] <<< [apiv2][status] GET https://api.github.com/user 200
[debug] [2023-10-25T04:12:21.136Z] <<< [apiv2][body] GET https://api.github.com/user {"login":"Fransuapolanco","id":48096892,"node_id":"MDQ6VXNlcjQ4MDk2ODky","avatar_url":"https://avatars.githubusercontent.com/u/48096892?v=4","gravatar_id":"","url":"https://api.github.com/users/Fransuapolanco","html_url":"https://github.com/Fransuapolanco","followers_url":"https://api.github.com/users/Fransuapolanco/followers","following_url":"https://api.github.com/users/Fransuapolanco/following{/other_user}","gists_url":"https://api.github.com/users/Fransuapolanco/gists{/gist_id}","starred_url":"https://api.github.com/users/Fransuapolanco/starred{/owner}{/repo}","subscriptions_url":"https://api.github.com/users/Fransuapolanco/subscriptions","organizations_url":"https://api.github.com/users/Fransuapolanco/orgs","repos_url":"https://api.github.com/users/Fransuapolanco/repos","events_url":"https://api.github.com/users/Fransuapolanco/events{/privacy}","received_events_url":"https://api.github.com/users/Fransuapolanco/received_events","type":"User","site_admin":false,"name":"Fransua Polanco","company":null,"blog":"","location":null,"email":null,"hireable":null,"bio":null,"twitter_username":null,"public_repos":21,"public_gists":0,"followers":0,"following":0,"created_at":"2019-02-28T15:21:07Z","updated_at":"2023-10-16T11:45:09Z","private_gists":0,"total_private_repos":0,"owned_private_repos":0,"disk_usage":20555,"collaborators":0,"two_factor_authentication":false,"plan":{"name":"pro","space":976562499,"collaborators":0,"private_repos":9999}}
[info] 
[info] +  Success! Logged into GitHub as Fransuapolanco 
[info] 
